Flow report for fampiga_top
Sun Jan 15 22:29:34 2012
Quartus II Version 9.0 Build 184 04/29/2009 Service Pack 1 SJ Web Edition


---------------------
; Table of Contents ;
---------------------
  1. Legal Notice
  2. Flow Summary
  3. Flow Settings
  4. Flow Non-Default Global Settings
  5. Flow Elapsed Time
  6. Flow OS Summary
  7. Flow Log



----------------
; Legal Notice ;
----------------
Copyright (C) 1991-2009 Altera Corporation
Your use of Altera Corporation's design tools, logic functions 
and other software and tools, and its AMPP partner logic 
functions, and any output files from any of the foregoing 
(including device programming or simulation files), and any 
associated documentation or information are expressly subject 
to the terms and conditions of the Altera Program License 
Subscription Agreement, Altera MegaCore Function License 
Agreement, or other applicable license agreement, including, 
without limitation, that your use is for the sole purpose of 
programming logic devices manufactured by Altera and sold by 
Altera or its authorized distributors.  Please refer to the 
applicable agreement for further details.



+-----------------------------------------------------------------------------------+
; Flow Summary                                                                      ;
+------------------------------------+----------------------------------------------+
; Flow Status                        ; Successful - Sun Jan 15 22:29:34 2012        ;
; Quartus II Version                 ; 9.0 Build 184 04/29/2009 SP 1 SJ Web Edition ;
; Revision Name                      ; fampiga_top                                  ;
; Top-level Entity Name              ; fampiga_top                                  ;
; Family                             ; Cyclone III                                  ;
; Device                             ; EP3C25E144C8                                 ;
; Timing Models                      ; Final                                        ;
; Met timing requirements            ; No                                           ;
; Total logic elements               ; 18,653 / 24,624 ( 76 % )                     ;
;     Total combinational functions  ; 16,421 / 24,624 ( 67 % )                     ;
;     Dedicated logic registers      ; 7,313 / 24,624 ( 30 % )                      ;
; Total registers                    ; 7313                                         ;
; Total pins                         ; 82 / 83 ( 99 % )                             ;
; Total virtual pins                 ; 0                                            ;
; Total memory bits                  ; 211,391 / 608,256 ( 35 % )                   ;
; Embedded Multiplier 9-bit elements ; 12 / 132 ( 9 % )                             ;
; Total PLLs                         ; 1 / 4 ( 25 % )                               ;
+------------------------------------+----------------------------------------------+


+-----------------------------------------+
; Flow Settings                           ;
+-------------------+---------------------+
; Option            ; Setting             ;
+-------------------+---------------------+
; Start date & time ; 01/15/2012 22:19:36 ;
; Main task         ; Compilation         ;
; Revision Name     ; fampiga_top         ;
+-------------------+---------------------+


+--------------------------------------------------------------------------------------------------------------------------------------------+
; Flow Non-Default Global Settings                                                                                                           ;
+------------------------------------+--------------------------------------------------------+---------------+-------------+----------------+
; Assignment Name                    ; Value                                                  ; Default Value ; Entity Name ; Section Id     ;
+------------------------------------+--------------------------------------------------------+---------------+-------------+----------------+
; ALLOW_POWER_UP_DONT_CARE           ; Off                                                    ; On            ; --          ; --             ;
; COMPILER_SIGNATURE_ID              ; 159484353041.132666237604032                           ; --            ; --          ; --             ;
; ENABLE_CLOCK_LATENCY               ; On                                                     ; Off           ; --          ; --             ;
; ENABLE_SIGNALTAP                   ; Off                                                    ; --            ; --          ; --             ;
; FITTER_EFFORT                      ; Standard Fit                                           ; Auto Fit      ; --          ; --             ;
; FMAX_REQUIREMENT                   ; 108 MHz                                                ; --            ; --          ; --             ;
; MAX_CORE_JUNCTION_TEMP             ; 85                                                     ; --            ; --          ; --             ;
; MIN_CORE_JUNCTION_TEMP             ; 0                                                      ; --            ; --          ; --             ;
; MISC_FILE                          ; D:/_chameleon/dockingstation/chameleon/fampiga_top.dpf ; --            ; --          ; --             ;
; NOMINAL_CORE_SUPPLY_VOLTAGE        ; 1.2V                                                   ; --            ; --          ; --             ;
; OPTIMIZE_MULTI_CORNER_TIMING       ; On                                                     ; Off           ; --          ; --             ;
; PARTITION_COLOR                    ; 16764057                                               ; --            ; --          ; Top            ;
; PARTITION_NETLIST_TYPE             ; SOURCE                                                 ; --            ; --          ; Top            ;
; SMART_RECOMPILE                    ; On                                                     ; Off           ; --          ; --             ;
; USE_GENERATED_PHYSICAL_CONSTRAINTS ; Off                                                    ; --            ; --          ; eda_blast_fpga ;
; USE_SIGNALTAP_FILE                 ; stp1.stp                                               ; --            ; --          ; --             ;
; USE_TIMEQUEST_TIMING_ANALYZER      ; Off                                                    ; On            ; --          ; --             ;
+------------------------------------+--------------------------------------------------------+---------------+-------------+----------------+


+-----------------------------------------------------------------------------------------------------------------------------+
; Flow Elapsed Time                                                                                                           ;
+-------------------------+--------------+-------------------------+---------------------+------------------------------------+
; Module Name             ; Elapsed Time ; Average Processors Used ; Peak Virtual Memory ; Total CPU Time (on all processors) ;
+-------------------------+--------------+-------------------------+---------------------+------------------------------------+
; Analysis & Synthesis    ; 00:04:09     ; 1.0                     ; 310 MB              ; 00:04:06                           ;
; Fitter                  ; 00:04:57     ; 1.0                     ; 435 MB              ; 00:04:54                           ;
; Assembler               ; 00:00:04     ; 1.0                     ; 278 MB              ; 00:00:04                           ;
; Classic Timing Analyzer ; 00:00:28     ; 1.0                     ; 340 MB              ; 00:00:27                           ;
; Total                   ; 00:09:38     ; --                      ; --                  ; 00:09:31                           ;
+-------------------------+--------------+-------------------------+---------------------+------------------------------------+


+------------------------------------------------------------------------------------------+
; Flow OS Summary                                                                          ;
+-------------------------+------------------+---------------+------------+----------------+
; Module Name             ; Machine Hostname ; OS Name       ; OS Version ; Processor type ;
+-------------------------+------------------+---------------+------------+----------------+
; Analysis & Synthesis    ; Tobi-PC          ; Windows Vista ; 6.1        ; x86_64         ;
; Fitter                  ; Tobi-PC          ; Windows Vista ; 6.1        ; x86_64         ;
; Assembler               ; Tobi-PC          ; Windows Vista ; 6.1        ; x86_64         ;
; Classic Timing Analyzer ; Tobi-PC          ; Windows Vista ; 6.1        ; x86_64         ;
+-------------------------+------------------+---------------+------------+----------------+


------------
; Flow Log ;
------------
quartus_map --read_settings_files=on --write_settings_files=off fAMpIGA -c fampiga_top
quartus_fit --read_settings_files=off --write_settings_files=off fAMpIGA -c fampiga_top
quartus_asm --read_settings_files=off --write_settings_files=off fAMpIGA -c fampiga_top
quartus_tan --read_settings_files=off --write_settings_files=off fAMpIGA -c fampiga_top --timing_analysis_only



