../../../../rtl/soc/minimig_de1_top.v

../../../../rtl/io/i_sync.v

../../../../rtl/fifo/sync_fifo.v

../../../../rtl/minimig/Cart.v
../../../../rtl/minimig/Agnus.v
../../../../rtl/minimig/Amber.v
../../../../rtl/minimig/Audio.v
../../../../rtl/minimig/Beamcounter.v
../../../../rtl/minimig/Bitplanes.v
../../../../rtl/minimig/Blitter.v
../../../../rtl/minimig/CIA8520.v
../../../../rtl/minimig/Copper.v
../../../../rtl/minimig/Denise.v
../../../../rtl/minimig/Floppy.v
../../../../rtl/minimig/Gary.v
../../../../rtl/minimig/Gayle.v
../../../../rtl/minimig/Minimig1.v
../../../../rtl/minimig/Paula.v
../../../../rtl/minimig/PS2Keyboard.v
../../../../rtl/minimig/Sprites.v
../../../../rtl/minimig/Userio.v

../../../../rtl/audio/audio_top.v
../../../../rtl/audio/audio_shifter.v
../../../../rtl/audio/I2C_AV_Config.v
../../../../rtl/audio/I2C_Controller.v

../../../../rtl/ctrl/ctrl_clk.v
../../../../rtl/ctrl/ctrl_flash.v
../../../../rtl/ctrl/ctrl_regs.v
../../../../rtl/ctrl/ctrl_rst.v
../../../../rtl/ctrl/ctrl_top.v
../../../../rtl/ctrl/qmem_arbiter.v
../../../../rtl/ctrl/qmem_bus.v
../../../../rtl/ctrl/qmem_decoder.v
../../../../rtl/ctrl/qmem_sram.v
../../../../rtl/ctrl/qmem_bridge.v

../../../../fw/ctrl_boot/bin/ctrl_boot.v

../../../../rtl/or1200/or1200_alu.v
../../../../rtl/or1200/or1200_amultp2_32x32.v
../../../../rtl/or1200/or1200_cfgr.v
../../../../rtl/or1200/or1200_cpu.v
../../../../rtl/or1200/or1200_ctrl.v
../../../../rtl/or1200/or1200_dc_fsm.v
../../../../rtl/or1200/or1200_dc_ram.v
../../../../rtl/or1200/or1200_dc_tag.v
../../../../rtl/or1200/or1200_dc_top.v
../../../../rtl/or1200/or1200_dmmu_tlb.v
../../../../rtl/or1200/or1200_dmmu_top.v
../../../../rtl/or1200/or1200_dpram_32x32.v
../../../../rtl/or1200/or1200_du.v
../../../../rtl/or1200/or1200_except.v
../../../../rtl/or1200/or1200_freeze.v
../../../../rtl/or1200/or1200_genpc.v
../../../../rtl/or1200/or1200_gmultp2_32x32.v
../../../../rtl/or1200/or1200_ic_fsm.v
../../../../rtl/or1200/or1200_ic_ram.v
../../../../rtl/or1200/or1200_ic_tag.v
../../../../rtl/or1200/or1200_ic_top.v
../../../../rtl/or1200/or1200_if.v
../../../../rtl/or1200/or1200_immu_tlb.v
../../../../rtl/or1200/or1200_immu_top.v
../../../../rtl/or1200/or1200_iwb_biu.v
../../../../rtl/or1200/or1200_lsu.v
../../../../rtl/or1200/or1200_mem2reg.v
../../../../rtl/or1200/or1200_mult_mac.v
../../../../rtl/or1200/or1200_operandmuxes.v
../../../../rtl/or1200/or1200_pic.v
../../../../rtl/or1200/or1200_pm.v
../../../../rtl/or1200/or1200_qmem_top.v
../../../../rtl/or1200/or1200_reg2mem.v
../../../../rtl/or1200/or1200_rfram_generic.v
../../../../rtl/or1200/or1200_rf.v
../../../../rtl/or1200/or1200_sb_fifo.v
../../../../rtl/or1200/or1200_sb.v
../../../../rtl/or1200/or1200_spram_1024x32_bw.v
../../../../rtl/or1200/or1200_spram_1024x32.v
../../../../rtl/or1200/or1200_spram_1024x8.v
../../../../rtl/or1200/or1200_spram_128x32.v
../../../../rtl/or1200/or1200_spram_2048x32_bw.v
../../../../rtl/or1200/or1200_spram_2048x32.v
../../../../rtl/or1200/or1200_spram_2048x8.v
../../../../rtl/or1200/or1200_spram_256x21.v
../../../../rtl/or1200/or1200_spram_32x24.v
../../../../rtl/or1200/or1200_spram_512x20.v
../../../../rtl/or1200/or1200_spram_64x14.v
../../../../rtl/or1200/or1200_spram_64x22.v
../../../../rtl/or1200/or1200_spram_64x24.v
../../../../rtl/or1200/or1200_sprs.v
../../../../rtl/or1200/or1200_top.v
../../../../rtl/or1200/or1200_top_wrapper.v
../../../../rtl/or1200/or1200_tpram_32x32.v
../../../../rtl/or1200/or1200_tt.v
../../../../rtl/or1200/or1200_wb_biu.v
../../../../rtl/or1200/or1200_wbmux.v
../../../../rtl/or1200/or1200_xcv_ram32x8d.v

../../../../rtl/clock/amiga_clk.v

../../../../rtl/sdram/sdram_ctrl.v
../../../../rtl/sdram/sdram.vhd
../../../../rtl/sdram/cpu_cache.v
../../../../rtl/sdram/tpram_inf_128x32.v
../../../../rtl/sdram/tpram_inf_be_512x16.v

../../../../fw/amiga_boot/bin/amiga_boot.v

../../../../rtl/io/indicators.v
../../../../rtl/io/sseg_decode.v

../../../../rtl/tg68k/TG68K_Pack.vhd
../../../../rtl/tg68k/TG68K_ALU.vhd
../../../../rtl/tg68k/TG68KdotC_Kernel.vhd
../../../../rtl/tg68k/TG68K.vhd

